This is pdfTeX, Version 3.14159265-2.6-1.40.19 (MiKTeX 2.9.6630 64-bit) (preloaded format=pdflatex 2018.4.20)  20 APR 2018 19:55
entering extended mode
**./main.tex
(main.tex
LaTeX2e <2017-04-15>
Babel <3.18> and hyphenation patterns for 75 language(s) loaded.
("C:\Users\Chirag\AppData\Local\Programs\MiKTeX 2.9\tex\latex\base\report.cls"
Document Class: report 2014/09/29 v1.4h Standard LaTeX document class
("C:\Users\Chirag\AppData\Local\Programs\MiKTeX 2.9\tex\latex\base\size12.clo"
File: size12.clo 2014/09/29 v1.4h Standard LaTeX file (size option)
)
\c@part=\count79
\c@chapter=\count80
\c@section=\count81
\c@subsection=\count82
\c@subsubsection=\count83
\c@paragraph=\count84
\c@subparagraph=\count85
\c@figure=\count86
\c@table=\count87
\abovecaptionskip=\skip41
\belowcaptionskip=\skip42
\bibindent=\dimen102
)
("C:\Users\Chirag\AppData\Local\Programs\MiKTeX 2.9\tex\latex\base\inputenc.sty
"
Package: inputenc 2015/03/17 v1.2c Input encoding file
\inpenc@prehook=\toks14
\inpenc@posthook=\toks15
 ("C:\Users\Chirag\AppData\Local\Programs\MiKTeX 2.9\tex\latex\base\latin1.def"
File: latin1.def 2015/03/17 v1.2c Input encoding file
))
("C:\Users\Chirag\AppData\Local\Programs\MiKTeX 2.9\tex\latex\amsmath\amsmath.s
ty"
Package: amsmath 2017/09/02 v2.17a AMS math features
\@mathmargin=\skip43

For additional information on amsmath, use the `?' option.

("C:\Users\Chirag\AppData\Local\Programs\MiKTeX 2.9\tex\latex\amsmath\amstext.s
ty"
Package: amstext 2000/06/29 v2.01 AMS text

("C:\Users\Chirag\AppData\Local\Programs\MiKTeX 2.9\tex\latex\amsmath\amsgen.st
y"
File: amsgen.sty 1999/11/30 v2.0 generic functions
\@emptytoks=\toks16
\ex@=\dimen103
))
("C:\Users\Chirag\AppData\Local\Programs\MiKTeX 2.9\tex\latex\amsmath\amsbsy.st
y"
Package: amsbsy 1999/11/29 v1.2d Bold Symbols
\pmbraise@=\dimen104
)
("C:\Users\Chirag\AppData\Local\Programs\MiKTeX 2.9\tex\latex\amsmath\amsopn.st
y"
Package: amsopn 2016/03/08 v2.02 operator names
)
\inf@bad=\count88
LaTeX Info: Redefining \frac on input line 213.
\uproot@=\count89
\leftroot@=\count90
LaTeX Info: Redefining \overline on input line 375.
\classnum@=\count91
\DOTSCASE@=\count92
LaTeX Info: Redefining \ldots on input line 472.
LaTeX Info: Redefining \dots on input line 475.
LaTeX Info: Redefining \cdots on input line 596.
\Mathstrutbox@=\box26
\strutbox@=\box27
\big@size=\dimen105
LaTeX Font Info:    Redeclaring font encoding OML on input line 712.
LaTeX Font Info:    Redeclaring font encoding OMS on input line 713.
\macc@depth=\count93
\c@MaxMatrixCols=\count94
\dotsspace@=\muskip10
\c@parentequation=\count95
\dspbrk@lvl=\count96
\tag@help=\toks17
\row@=\count97
\column@=\count98
\maxfields@=\count99
\andhelp@=\toks18
\eqnshift@=\dimen106
\alignsep@=\dimen107
\tagshift@=\dimen108
\tagwidth@=\dimen109
\totwidth@=\dimen110
\lineht@=\dimen111
\@envbody=\toks19
\multlinegap=\skip44
\multlinetaggap=\skip45
\mathdisplay@stack=\toks20
LaTeX Info: Redefining \[ on input line 2817.
LaTeX Info: Redefining \] on input line 2818.
)
("C:\Users\Chirag\AppData\Local\Programs\MiKTeX 2.9\tex\latex\amsfonts\amsfonts
.sty"
Package: amsfonts 2013/01/14 v3.01 Basic AMSFonts support
\symAMSa=\mathgroup4
\symAMSb=\mathgroup5
LaTeX Font Info:    Overwriting math alphabet `\mathfrak' in version `bold'
(Font)                  U/euf/m/n --> U/euf/b/n on input line 106.
)
("C:\Users\Chirag\AppData\Local\Programs\MiKTeX 2.9\tex\latex\amsfonts\amssymb.
sty"
Package: amssymb 2013/01/14 v3.01 AMS font symbols
)
("C:\Users\Chirag\AppData\Local\Programs\MiKTeX 2.9\tex\latex\preprint\fullpage
.sty"
Package: fullpage 1999/02/23 1.1 (PWD)
\FP@margin=\skip46
)
("C:\Users\Chirag\AppData\Local\Programs\MiKTeX 2.9\tex\latex\graphics\graphicx
.sty"
Package: graphicx 2017/06/01 v1.1a Enhanced LaTeX Graphics (DPC,SPQR)

("C:\Users\Chirag\AppData\Local\Programs\MiKTeX 2.9\tex\latex\graphics\keyval.s
ty"
Package: keyval 2014/10/28 v1.15 key=value parser (DPC)
\KV@toks@=\toks21
)
("C:\Users\Chirag\AppData\Local\Programs\MiKTeX 2.9\tex\latex\graphics\graphics
.sty"
Package: graphics 2017/06/25 v1.2c Standard LaTeX Graphics (DPC,SPQR)

("C:\Users\Chirag\AppData\Local\Programs\MiKTeX 2.9\tex\latex\graphics\trig.sty
"
Package: trig 2016/01/03 v1.10 sin cos tan (DPC)
)
("C:\Users\Chirag\AppData\Local\Programs\MiKTeX 2.9\tex\latex\graphics-cfg\grap
hics.cfg"
File: graphics.cfg 2016/06/04 v1.11 sample graphics configuration
)
Package graphics Info: Driver file: pdftex.def on input line 99.

("C:\Users\Chirag\AppData\Local\Programs\MiKTeX 2.9\tex\latex\graphics-def\pdft
ex.def"
File: pdftex.def 2018/01/08 v1.0l Graphics/color driver for pdftex
))
\Gin@req@height=\dimen112
\Gin@req@width=\dimen113
)
("C:\Users\Chirag\AppData\Local\Programs\MiKTeX 2.9\tex\latex\float\float.sty"
Package: float 2001/11/08 v1.3d Float enhancements (AL)
\c@float@type=\count100
\float@exts=\toks22
\float@box=\box28
\@float@everytoks=\toks23
\@floatcapt=\box29
) ("C:\Users\Chirag\AppData\Local\Programs\MiKTeX 2.9\tex\latex\base\textcomp.s
ty"
Package: textcomp 2017/04/05 v2.0i Standard LaTeX package
Package textcomp Info: Sub-encoding information:
(textcomp)               5 = only ISO-Adobe without \textcurrency
(textcomp)               4 = 5 + \texteuro
(textcomp)               3 = 4 + \textohm
(textcomp)               2 = 3 + \textestimated + \textcurrency
(textcomp)               1 = TS1 - \textcircled - \t
(textcomp)               0 = TS1 (full)
(textcomp)             Font families with sub-encoding setting implement
(textcomp)             only a restricted character set as indicated.
(textcomp)             Family '?' is the default used for unknown fonts.
(textcomp)             See the documentation for details.
Package textcomp Info: Setting ? sub-encoding to TS1/1 on input line 79.
 ("C:\Users\Chirag\AppData\Local\Programs\MiKTeX 2.9\tex\latex\base\ts1enc.def"
File: ts1enc.def 2001/06/05 v3.0e (jk/car/fm) Standard LaTeX file
)
LaTeX Info: Redefining \oldstylenums on input line 334.
Package textcomp Info: Setting cmr sub-encoding to TS1/0 on input line 349.
Package textcomp Info: Setting cmss sub-encoding to TS1/0 on input line 350.
Package textcomp Info: Setting cmtt sub-encoding to TS1/0 on input line 351.
Package textcomp Info: Setting cmvtt sub-encoding to TS1/0 on input line 352.
Package textcomp Info: Setting cmbr sub-encoding to TS1/0 on input line 353.
Package textcomp Info: Setting cmtl sub-encoding to TS1/0 on input line 354.
Package textcomp Info: Setting ccr sub-encoding to TS1/0 on input line 355.
Package textcomp Info: Setting ptm sub-encoding to TS1/4 on input line 356.
Package textcomp Info: Setting pcr sub-encoding to TS1/4 on input line 357.
Package textcomp Info: Setting phv sub-encoding to TS1/4 on input line 358.
Package textcomp Info: Setting ppl sub-encoding to TS1/3 on input line 359.
Package textcomp Info: Setting pag sub-encoding to TS1/4 on input line 360.
Package textcomp Info: Setting pbk sub-encoding to TS1/4 on input line 361.
Package textcomp Info: Setting pnc sub-encoding to TS1/4 on input line 362.
Package textcomp Info: Setting pzc sub-encoding to TS1/4 on input line 363.
Package textcomp Info: Setting bch sub-encoding to TS1/4 on input line 364.
Package textcomp Info: Setting put sub-encoding to TS1/5 on input line 365.
Package textcomp Info: Setting uag sub-encoding to TS1/5 on input line 366.
Package textcomp Info: Setting ugq sub-encoding to TS1/5 on input line 367.
Package textcomp Info: Setting ul8 sub-encoding to TS1/4 on input line 368.
Package textcomp Info: Setting ul9 sub-encoding to TS1/4 on input line 369.
Package textcomp Info: Setting augie sub-encoding to TS1/5 on input line 370.
Package textcomp Info: Setting dayrom sub-encoding to TS1/3 on input line 371.
Package textcomp Info: Setting dayroms sub-encoding to TS1/3 on input line 372.

Package textcomp Info: Setting pxr sub-encoding to TS1/0 on input line 373.
Package textcomp Info: Setting pxss sub-encoding to TS1/0 on input line 374.
Package textcomp Info: Setting pxtt sub-encoding to TS1/0 on input line 375.
Package textcomp Info: Setting txr sub-encoding to TS1/0 on input line 376.
Package textcomp Info: Setting txss sub-encoding to TS1/0 on input line 377.
Package textcomp Info: Setting txtt sub-encoding to TS1/0 on input line 378.
Package textcomp Info: Setting lmr sub-encoding to TS1/0 on input line 379.
Package textcomp Info: Setting lmdh sub-encoding to TS1/0 on input line 380.
Package textcomp Info: Setting lmss sub-encoding to TS1/0 on input line 381.
Package textcomp Info: Setting lmssq sub-encoding to TS1/0 on input line 382.
Package textcomp Info: Setting lmvtt sub-encoding to TS1/0 on input line 383.
Package textcomp Info: Setting lmtt sub-encoding to TS1/0 on input line 384.
Package textcomp Info: Setting qhv sub-encoding to TS1/0 on input line 385.
Package textcomp Info: Setting qag sub-encoding to TS1/0 on input line 386.
Package textcomp Info: Setting qbk sub-encoding to TS1/0 on input line 387.
Package textcomp Info: Setting qcr sub-encoding to TS1/0 on input line 388.
Package textcomp Info: Setting qcs sub-encoding to TS1/0 on input line 389.
Package textcomp Info: Setting qpl sub-encoding to TS1/0 on input line 390.
Package textcomp Info: Setting qtm sub-encoding to TS1/0 on input line 391.
Package textcomp Info: Setting qzc sub-encoding to TS1/0 on input line 392.
Package textcomp Info: Setting qhvc sub-encoding to TS1/0 on input line 393.
Package textcomp Info: Setting futs sub-encoding to TS1/4 on input line 394.
Package textcomp Info: Setting futx sub-encoding to TS1/4 on input line 395.
Package textcomp Info: Setting futj sub-encoding to TS1/4 on input line 396.
Package textcomp Info: Setting hlh sub-encoding to TS1/3 on input line 397.
Package textcomp Info: Setting hls sub-encoding to TS1/3 on input line 398.
Package textcomp Info: Setting hlst sub-encoding to TS1/3 on input line 399.
Package textcomp Info: Setting hlct sub-encoding to TS1/5 on input line 400.
Package textcomp Info: Setting hlx sub-encoding to TS1/5 on input line 401.
Package textcomp Info: Setting hlce sub-encoding to TS1/5 on input line 402.
Package textcomp Info: Setting hlcn sub-encoding to TS1/5 on input line 403.
Package textcomp Info: Setting hlcw sub-encoding to TS1/5 on input line 404.
Package textcomp Info: Setting hlcf sub-encoding to TS1/5 on input line 405.
Package textcomp Info: Setting pplx sub-encoding to TS1/3 on input line 406.
Package textcomp Info: Setting pplj sub-encoding to TS1/3 on input line 407.
Package textcomp Info: Setting ptmx sub-encoding to TS1/4 on input line 408.
Package textcomp Info: Setting ptmj sub-encoding to TS1/4 on input line 409.
)
("C:\Users\Chirag\AppData\Local\Programs\MiKTeX 2.9\tex\latex\pdfpages\pdfpages
.sty"
Package: pdfpages 2017/10/31 v0.5l Insert pages of external PDF documents (AM)

("C:\Users\Chirag\AppData\Local\Programs\MiKTeX 2.9\tex\latex\base\ifthen.sty"
Package: ifthen 2014/09/29 v1.1c Standard LaTeX ifthen package (DPC)
) ("C:\Users\Chirag\AppData\Local\Programs\MiKTeX 2.9\tex\latex\tools\calc.sty"
Package: calc 2014/10/28 v4.3 Infix arithmetic (KKT,FJ)
\calc@Acount=\count101
\calc@Bcount=\count102
\calc@Adimen=\dimen114
\calc@Bdimen=\dimen115
\calc@Askip=\skip47
\calc@Bskip=\skip48
LaTeX Info: Redefining \setlength on input line 80.
LaTeX Info: Redefining \addtolength on input line 81.
\calc@Ccount=\count103
\calc@Cskip=\skip49
)
("C:\Users\Chirag\AppData\Local\Programs\MiKTeX 2.9\tex\latex\eso-pic\eso-pic.s
ty"
Package: eso-pic 2015/07/21 v2.0g eso-pic (RN)

("C:\Users\Chirag\AppData\Local\Programs\MiKTeX 2.9\tex\generic\oberdiek\atbegs
hi.sty"
Package: atbegshi 2016/06/09 v1.18 At begin shipout hook (HO)

("C:\Users\Chirag\AppData\Local\Programs\MiKTeX 2.9\tex\generic\oberdiek\infwar
err.sty"
Package: infwarerr 2016/05/16 v1.4 Providing info/warning/error messages (HO)
)
("C:\Users\Chirag\AppData\Local\Programs\MiKTeX 2.9\tex\generic\oberdiek\ltxcmd
s.sty"
Package: ltxcmds 2016/05/16 v1.23 LaTeX kernel commands for general use (HO)
)
("C:\Users\Chirag\AppData\Local\Programs\MiKTeX 2.9\tex\generic\oberdiek\ifpdf.
sty"
Package: ifpdf 2017/03/15 v3.2 Provides the ifpdf switch
))
("C:\Users\Chirag\AppData\Local\Programs\MiKTeX 2.9\tex\latex\xcolor\xcolor.sty
"
Package: xcolor 2016/05/11 v2.12 LaTeX color extensions (UK)

("C:\Users\Chirag\AppData\Local\Programs\MiKTeX 2.9\tex\latex\graphics-cfg\colo
r.cfg"
File: color.cfg 2016/01/02 v1.6 sample color configuration
)
Package xcolor Info: Driver file: pdftex.def on input line 225.
Package xcolor Info: Model `cmy' substituted by `cmy0' on input line 1348.
Package xcolor Info: Model `hsb' substituted by `rgb' on input line 1352.
Package xcolor Info: Model `RGB' extended on input line 1364.
Package xcolor Info: Model `HTML' substituted by `rgb' on input line 1366.
Package xcolor Info: Model `Hsb' substituted by `hsb' on input line 1367.
Package xcolor Info: Model `tHsb' substituted by `hsb' on input line 1368.
Package xcolor Info: Model `HSB' substituted by `hsb' on input line 1369.
Package xcolor Info: Model `Gray' substituted by `gray' on input line 1370.
Package xcolor Info: Model `wave' substituted by `hsb' on input line 1371.
))
\AM@pagewidth=\dimen116
\AM@pageheight=\dimen117

("C:\Users\Chirag\AppData\Local\Programs\MiKTeX 2.9\tex\latex\pdfpages\pppdftex
.def"
File: pppdftex.def 2017/10/31 v0.5l Pdfpages driver for pdfTeX (AM)
)
\AM@pagebox=\box30
\AM@global@opts=\toks24
\AM@toc@title=\toks25
\c@AM@survey=\count104
\AM@templatesizebox=\box31
)
("C:\Users\Chirag\AppData\Local\Programs\MiKTeX 2.9\tex\latex\caption\caption.s
ty"
Package: caption 2016/02/21 v3.3-144 Customizing captions (AR)

("C:\Users\Chirag\AppData\Local\Programs\MiKTeX 2.9\tex\latex\caption\caption3.
sty"
Package: caption3 2016/05/22 v1.7-166 caption3 kernel (AR)
Package caption3 Info: TeX engine: e-TeX on input line 67.
\captionmargin=\dimen118
\captionmargin@=\dimen119
\captionwidth=\dimen120
\caption@tempdima=\dimen121
\caption@indent=\dimen122
\caption@parindent=\dimen123
\caption@hangindent=\dimen124
)
\c@ContinuedFloat=\count105
Package caption Info: float package is loaded.
)

LaTeX Warning: Unused global option(s):
    [graphicx].

No file main.aux.
\openout1 = `main.aux'.

LaTeX Font Info:    Checking defaults for OML/cmm/m/it on input line 36.
LaTeX Font Info:    ... okay on input line 36.
LaTeX Font Info:    Checking defaults for T1/cmr/m/n on input line 36.
LaTeX Font Info:    ... okay on input line 36.
LaTeX Font Info:    Checking defaults for OT1/cmr/m/n on input line 36.
LaTeX Font Info:    ... okay on input line 36.
LaTeX Font Info:    Checking defaults for OMS/cmsy/m/n on input line 36.
LaTeX Font Info:    ... okay on input line 36.
LaTeX Font Info:    Checking defaults for OMX/cmex/m/n on input line 36.
LaTeX Font Info:    ... okay on input line 36.
LaTeX Font Info:    Checking defaults for U/cmr/m/n on input line 36.
LaTeX Font Info:    ... okay on input line 36.
LaTeX Font Info:    Checking defaults for TS1/cmr/m/n on input line 36.
LaTeX Font Info:    Try loading font information for TS1+cmr on input line 36.
("C:\Users\Chirag\AppData\Local\Programs\MiKTeX 2.9\tex\latex\base\ts1cmr.fd"
File: ts1cmr.fd 2014/09/29 v2.5h Standard LaTeX font definitions
)
LaTeX Font Info:    ... okay on input line 36.

("C:\Users\Chirag\AppData\Local\Programs\MiKTeX 2.9\tex\context\base\supp-pdf.m
kii"
[Loading MPS to PDF converter (version 2006.09.02).]
\scratchcounter=\count106
\scratchdimen=\dimen125
\scratchbox=\box32
\nofMPsegments=\count107
\nofMParguments=\count108
\everyMPshowfont=\toks26
\MPscratchCnt=\count109
\MPscratchDim=\dimen126
\MPnumerator=\count110
\makeMPintoPDFobject=\count111
\everyMPtoPDFconversion=\toks27
)
("C:\Users\Chirag\AppData\Local\Programs\MiKTeX 2.9\tex\latex\oberdiek\epstopdf
-base.sty"
Package: epstopdf-base 2016/05/15 v2.6 Base part for package epstopdf

("C:\Users\Chirag\AppData\Local\Programs\MiKTeX 2.9\tex\latex\oberdiek\grfext.s
ty"
Package: grfext 2016/05/16 v1.2 Manage graphics extensions (HO)

("C:\Users\Chirag\AppData\Local\Programs\MiKTeX 2.9\tex\generic\oberdiek\kvdefi
nekeys.sty"
Package: kvdefinekeys 2016/05/16 v1.4 Define keys (HO)
))
("C:\Users\Chirag\AppData\Local\Programs\MiKTeX 2.9\tex\latex\oberdiek\kvoption
s.sty"
Package: kvoptions 2016/05/16 v3.12 Key value format for package options (HO)

("C:\Users\Chirag\AppData\Local\Programs\MiKTeX 2.9\tex\generic\oberdiek\kvsetk
eys.sty"
P