\BOOKMARK [0][-]{chapter.1}{Introduction}{}% 1
\BOOKMARK [0][-]{chapter.2}{Hypothesis}{}% 2
\BOOKMARK [0][-]{chapter.3}{Market Survey}{}% 3
\BOOKMARK [1][-]{section.3.1}{Workscape}{chapter.3}% 4
\BOOKMARK [1][-]{section.3.2}{OccupEye}{chapter.3}% 5
\BOOKMARK [0][-]{chapter.4}{Hardware and Software Requirements}{}% 6
\BOOKMARK [1][-]{section.4.1}{Hardware Requirements}{chapter.4}% 7
\BOOKMARK [1][-]{section.4.2}{Software Requirements}{chapter.4}% 8
\BOOKMARK [0][-]{chapter.5}{Implementation and Build}{}% 9
\BOOKMARK [1][-]{section.5.1}{Designing and Prototyping}{chapter.5}% 10
\BOOKMARK [2][-]{subsection.5.1.1}{Radio Module Selection}{section.5.1}% 11
\BOOKMARK [2][-]{subsection.5.1.2}{Low Power Considerations}{section.5.1}% 12
\BOOKMARK [1][-]{section.5.2}{PCB Design}{chapter.5}% 13
\BOOKMARK [1][-]{section.5.3}{3D Modelling and Print}{chapter.5}% 14
\BOOKMARK [1][-]{section.5.4}{Interface with Master Node and Web-GUI}{chapter.5}% 15
\BOOKMARK [0][-]{chapter.6}{Software}{}% 16
\BOOKMARK [1][-]{section.6.1}{Master and Node Codes}{chapter.6}% 17
\BOOKMARK [2][-]{subsection.6.1.1}{Node}{section.6.1}% 18
\BOOKMARK [2][-]{subsection.6.1.2}{Master}{section.6.1}% 19
\BOOKMARK [0][-]{chapter.7}{Results}{}% 20
\BOOKMARK [1][-]{section.7.1}{Breadboard Testing}{chapter.7}% 21
\BOOKMARK [1][-]{section.7.2}{Final Device}{chapter.7}% 22
\BOOKMARK [1][-]{section.7.3}{Cost per Device}{chapter.7}% 23
\BOOKMARK [1][-]{section.7.4}{Web GUI}{chapter.7}% 24
\BOOKMARK [0][-]{chapter.8}{Next Steps}{}% 25
\BOOKMARK [1][-]{section.8.1}{Testing the Battery Life of the Devices}{chapter.8}% 26
\BOOKMARK [1][-]{section.8.2}{Testing with increased number of nodes}{chapter.8}% 27
\BOOKMARK [1][-]{section.8.3}{Mobile Application}{chapter.8}% 28
\BOOKMARK [1][-]{section.8.4}{Implementation at Fractal Analytics}{chapter.8}% 29
\BOOKMARK [0][-]{chapter.9}{Conclusion}{}% 30
